<?xml version="1.0" encoding="UTF-8"?>
<testsuite xmlns:xsi="http://www.w3.org/2001/XMLSchema-instance" xsi:noNamespaceSchemaLocation="https://maven.apache.org/surefire/maven-surefire-plugin/xsd/surefire-test-report-3.0.xsd" version="3.0" name="runners.runner" time="10.332" tests="2" errors="0" skipped="0" failures="0">
  <properties>
[...]
</properties>
  <testcase name="TC01 Kullanici Google&apos;da arama yapabilmeli #1" classname="US1001 Kullanici Google&apos;da arama testi yapar" time="5.162"/>
  <testcase name="TC01 Kullanici Google&apos;da arama yapabilmeli #2" classname="US1001 Kullanici Google&apos;da arama testi yapar" time="4.319"/>
</testsuite>